[0.095s] DEBUG:colcon:Command line arguments: ['/usr/bin/colcon', 'build', '--packages-select', 'slam_cartographer']
[0.095s] DEBUG:colcon:Parsed command line arguments: Namespace(log_base=None, log_level=None, verb_name='build', build_base='build', install_base='install', merge_install=False, symlink_install=False, test_result_base=None, continue_on_error=False, executor='parallel', parallel_workers=8, event_handlers=None, ignore_user_meta=False, metas=['./colcon.meta'], base_paths=['.'], packages_ignore=None, packages_ignore_regex=None, paths=None, packages_up_to=None, packages_up_to_regex=None, packages_above=None, packages_above_and_dependencies=None, packages_above_depth=None, packages_select_by_dep=None, packages_skip_by_dep=None, packages_skip_up_to=None, packages_select_build_failed=False, packages_skip_build_finished=False, packages_select_test_failures=False, packages_skip_test_passed=False, packages_select=['slam_cartographer'], packages_skip=None, packages_select_regex=None, packages_skip_regex=None, packages_start=None, packages_end=None, allow_overriding=[], cmake_args=None, cmake_target=None, cmake_target_skip_unavailable=False, cmake_clean_cache=False, cmake_clean_first=False, cmake_force_configure=False, ament_cmake_args=None, catkin_cmake_args=None, catkin_skip_building_tests=False, mixin_files=None, mixin=None, verb_parser=<colcon_mixin.mixin.mixin_argument.MixinArgumentDecorator object at 0x7242f2936fe0>, verb_extension=<colcon_core.verb.build.BuildVerb object at 0x7242f2a4f610>, main=<bound method BuildVerb.main of <colcon_core.verb.build.BuildVerb object at 0x7242f2a4f610>>, mixin_verb=('build',))
[0.244s] Level 1:colcon.colcon_core.package_discovery:discover_packages(colcon_meta) check parameters
[0.244s] Level 1:colcon.colcon_core.package_discovery:discover_packages(recursive) check parameters
[0.244s] Level 1:colcon.colcon_core.package_discovery:discover_packages(ignore) check parameters
[0.244s] Level 1:colcon.colcon_core.package_discovery:discover_packages(path) check parameters
[0.244s] Level 1:colcon.colcon_core.package_discovery:discover_packages(colcon_meta) discover
[0.244s] Level 1:colcon.colcon_core.package_discovery:discover_packages(recursive) discover
[0.244s] INFO:colcon.colcon_core.package_discovery:Crawling recursively for packages in '/home/quangkhieu/Documents/ros2_ws/src'
[0.244s] Level 1:colcon.colcon_core.package_identification:_identify(.) by extensions ['ignore', 'ignore_ament_install']
[0.244s] Level 1:colcon.colcon_core.package_identification:_identify(.) by extension 'ignore'
[0.244s] Level 1:colcon.colcon_core.package_identification:_identify(.) by extension 'ignore_ament_install'
[0.244s] Level 1:colcon.colcon_core.package_identification:_identify(.) by extensions ['colcon_pkg']
[0.244s] Level 1:colcon.colcon_core.package_identification:_identify(.) by extension 'colcon_pkg'
[0.244s] Level 1:colcon.colcon_core.package_identification:_identify(.) by extensions ['colcon_meta']
[0.245s] Level 1:colcon.colcon_core.package_identification:_identify(.) by extension 'colcon_meta'
[0.245s] Level 1:colcon.colcon_core.package_identification:_identify(.) by extensions ['ros']
[0.245s] Level 1:colcon.colcon_core.package_identification:_identify(.) by extension 'ros'
[0.254s] Level 1:colcon.colcon_core.package_identification:_identify(.) by extensions ['cmake', 'python']
[0.254s] Level 1:colcon.colcon_core.package_identification:_identify(.) by extension 'cmake'
[0.254s] Level 1:colcon.colcon_core.package_identification:_identify(.) by extension 'python'
[0.254s] Level 1:colcon.colcon_core.package_identification:_identify(.) by extensions ['python_setup_py']
[0.254s] Level 1:colcon.colcon_core.package_identification:_identify(.) by extension 'python_setup_py'
[0.254s] Level 1:colcon.colcon_core.package_identification:_identify(bring_up) by extensions ['ignore', 'ignore_ament_install']
[0.254s] Level 1:colcon.colcon_core.package_identification:_identify(bring_up) by extension 'ignore'
[0.254s] Level 1:colcon.colcon_core.package_identification:_identify(bring_up) by extension 'ignore_ament_install'
[0.255s] Level 1:colcon.colcon_core.package_identification:_identify(bring_up) by extensions ['colcon_pkg']
[0.255s] Level 1:colcon.colcon_core.package_identification:_identify(bring_up) by extension 'colcon_pkg'
[0.255s] Level 1:colcon.colcon_core.package_identification:_identify(bring_up) by extensions ['colcon_meta']
[0.255s] Level 1:colcon.colcon_core.package_identification:_identify(bring_up) by extension 'colcon_meta'
[0.255s] Level 1:colcon.colcon_core.package_identification:_identify(bring_up) by extensions ['ros']
[0.255s] Level 1:colcon.colcon_core.package_identification:_identify(bring_up) by extension 'ros'
[0.257s] DEBUG:colcon.colcon_core.package_identification:Package 'bring_up' with type 'ros.ament_cmake' and name 'bring_up'
[0.257s] Level 1:colcon.colcon_core.package_identification:_identify(build) by extensions ['ignore', 'ignore_ament_install']
[0.257s] Level 1:colcon.colcon_core.package_identification:_identify(build) by extension 'ignore'
[0.257s] Level 1:colcon.colcon_core.package_identification:_identify(build) ignored
[0.257s] Level 1:colcon.colcon_core.package_identification:_identify(install) by extensions ['ignore', 'ignore_ament_install']
[0.258s] Level 1:colcon.colcon_core.package_identification:_identify(install) by extension 'ignore'
[0.258s] Level 1:colcon.colcon_core.package_identification:_identify(install) ignored
[0.258s] Level 1:colcon.colcon_core.package_identification:_identify(log) by extensions ['ignore', 'ignore_ament_install']
[0.258s] Level 1:colcon.colcon_core.package_identification:_identify(log) by extension 'ignore'
[0.258s] Level 1:colcon.colcon_core.package_identification:_identify(log) ignored
[0.258s] Level 1:colcon.colcon_core.package_identification:_identify(robot_display) by extensions ['ignore', 'ignore_ament_install']
[0.258s] Level 1:colcon.colcon_core.package_identification:_identify(robot_display) by extension 'ignore'
[0.258s] Level 1:colcon.colcon_core.package_identification:_identify(robot_display) by extension 'ignore_ament_install'
[0.258s] Level 1:colcon.colcon_core.package_identification:_identify(robot_display) by extensions ['colcon_pkg']
[0.258s] Level 1:colcon.colcon_core.package_identification:_identify(robot_display) by extension 'colcon_pkg'
[0.258s] Level 1:colcon.colcon_core.package_identification:_identify(robot_display) by extensions ['colcon_meta']
[0.258s] Level 1:colcon.colcon_core.package_identification:_identify(robot_display) by extension 'colcon_meta'
[0.258s] Level 1:colcon.colcon_core.package_identification:_identify(robot_display) by extensions ['ros']
[0.258s] Level 1:colcon.colcon_core.package_identification:_identify(robot_display) by extension 'ros'
[0.259s] DEBUG:colcon.colcon_core.package_identification:Package 'robot_display' with type 'ros.ament_cmake' and name 'robot_display'
[0.259s] Level 1:colcon.colcon_core.package_identification:_identify(rtcrobot_msg) by extensions ['ignore', 'ignore_ament_install']
[0.259s] Level 1:colcon.colcon_core.package_identification:_identify(rtcrobot_msg) by extension 'ignore'
[0.259s] Level 1:colcon.colcon_core.package_identification:_identify(rtcrobot_msg) by extension 'ignore_ament_install'
[0.259s] Level 1:colcon.colcon_core.package_identification:_identify(rtcrobot_msg) by extensions ['colcon_pkg']
[0.259s] Level 1:colcon.colcon_core.package_identification:_identify(rtcrobot_msg) by extension 'colcon_pkg'
[0.259s] Level 1:colcon.colcon_core.package_identification:_identify(rtcrobot_msg) by extensions ['colcon_meta']
[0.259s] Level 1:colcon.colcon_core.package_identification:_identify(rtcrobot_msg) by extension 'colcon_meta'
[0.259s] Level 1:colcon.colcon_core.package_identification:_identify(rtcrobot_msg) by extensions ['ros']
[0.259s] Level 1:colcon.colcon_core.package_identification:_identify(rtcrobot_msg) by extension 'ros'
[0.260s] DEBUG:colcon.colcon_core.package_identification:Package 'rtcrobot_msg' with type 'ros.ament_cmake' and name 'rtcrobot_msg'
[0.260s] Level 1:colcon.colcon_core.package_identification:_identify(sick_scan2) by extensions ['ignore', 'ignore_ament_install']
[0.260s] Level 1:colcon.colcon_core.package_identification:_identify(sick_scan2) by extension 'ignore'
[0.260s] Level 1:colcon.colcon_core.package_identification:_identify(sick_scan2) by extension 'ignore_ament_install'
[0.260s] Level 1:colcon.colcon_core.package_identification:_identify(sick_scan2) by extensions ['colcon_pkg']
[0.260s] Level 1:colcon.colcon_core.package_identification:_identify(sick_scan2) by extension 'colcon_pkg'
[0.260s] Level 1:colcon.colcon_core.package_identification:_identify(sick_scan2) by extensions ['colcon_meta']
[0.260s] Level 1:colcon.colcon_core.package_identification:_identify(sick_scan2) by extension 'colcon_meta'
[0.260s] Level 1:colcon.colcon_core.package_identification:_identify(sick_scan2) by extensions ['ros']
[0.260s] Level 1:colcon.colcon_core.package_identification:_identify(sick_scan2) by extension 'ros'
[0.264s] DEBUG:colcon.colcon_core.package_identification:Package 'sick_scan2' with type 'ros.ament_cmake' and name 'sick_scan2'
[0.264s] Level 1:colcon.colcon_core.package_identification:_identify(slam_cartographer) by extensions ['ignore', 'ignore_ament_install']
[0.264s] Level 1:colcon.colcon_core.package_identification:_identify(slam_cartographer) by extension 'ignore'
[0.264s] Level 1:colcon.colcon_core.package_identification:_identify(slam_cartographer) by extension 'ignore_ament_install'
[0.264s] Level 1:colcon.colcon_core.package_identification:_identify(slam_cartographer) by extensions ['colcon_pkg']
[0.264s] Level 1:colcon.colcon_core.package_identification:_identify(slam_cartographer) by extension 'colcon_pkg'
[0.264s] Level 1:colcon.colcon_core.package_identification:_identify(slam_cartographer) by extensions ['colcon_meta']
[0.264s] Level 1:colcon.colcon_core.package_identification:_identify(slam_cartographer) by extension 'colcon_meta'
[0.264s] Level 1:colcon.colcon_core.package_identification:_identify(slam_cartographer) by extensions ['ros']
[0.264s] Level 1:colcon.colcon_core.package_identification:_identify(slam_cartographer) by extension 'ros'
[0.265s] DEBUG:colcon.colcon_core.package_identification:Package 'slam_cartographer' with type 'ros.ament_cmake' and name 'slam_cartographer'
[0.265s] Level 1:colcon.colcon_core.package_discovery:discover_packages(recursive) using defaults
[0.265s] Level 1:colcon.colcon_core.package_discovery:discover_packages(ignore) discover
[0.265s] Level 1:colcon.colcon_core.package_discovery:discover_packages(ignore) using defaults
[0.265s] Level 1:colcon.colcon_core.package_discovery:discover_packages(path) discover
[0.265s] Level 1:colcon.colcon_core.package_discovery:discover_packages(path) using defaults
[0.290s] INFO:colcon.colcon_core.package_selection:Skipping not selected package 'bring_up' in 'bring_up'
[0.290s] INFO:colcon.colcon_core.package_selection:Skipping not selected package 'robot_display' in 'robot_display'
[0.290s] INFO:colcon.colcon_core.package_selection:Skipping not selected package 'rtcrobot_msg' in 'rtcrobot_msg'
[0.290s] INFO:colcon.colcon_core.package_selection:Skipping not selected package 'sick_scan2' in 'sick_scan2'
[0.291s] Level 1:colcon.colcon_core.package_discovery:discover_packages(prefix_path) check parameters
[0.291s] Level 1:colcon.colcon_core.package_discovery:discover_packages(prefix_path) discover
[0.292s] DEBUG:colcon.colcon_installed_package_information.package_discovery:Found 6 installed packages in /home/quangkhieu/Documents/ros2_ws/install
[0.294s] DEBUG:colcon.colcon_installed_package_information.package_discovery:Found 391 installed packages in /opt/ros/humble
[0.295s] Level 1:colcon.colcon_core.package_discovery:discover_packages(prefix_path) using defaults
[0.337s] Level 5:colcon.colcon_core.verb:set package 'slam_cartographer' build argument 'cmake_args' from command line to 'None'
[0.337s] Level 5:colcon.colcon_core.verb:set package 'slam_cartographer' build argument 'cmake_target' from command line to 'None'
[0.337s] Level 5:colcon.colcon_core.verb:set package 'slam_cartographer' build argument 'cmake_target_skip_unavailable' from command line to 'False'
[0.337s] Level 5:colcon.colcon_core.verb:set package 'slam_cartographer' build argument 'cmake_clean_cache' from command line to 'False'
[0.337s] Level 5:colcon.colcon_core.verb:set package 'slam_cartographer' build argument 'cmake_clean_first' from command line to 'False'
[0.337s] Level 5:colcon.colcon_core.verb:set package 'slam_cartographer' build argument 'cmake_force_configure' from command line to 'False'
[0.337s] Level 5:colcon.colcon_core.verb:set package 'slam_cartographer' build argument 'ament_cmake_args' from command line to 'None'
[0.337s] Level 5:colcon.colcon_core.verb:set package 'slam_cartographer' build argument 'catkin_cmake_args' from command line to 'None'
[0.337s] Level 5:colcon.colcon_core.verb:set package 'slam_cartographer' build argument 'catkin_skip_building_tests' from command line to 'False'
[0.338s] DEBUG:colcon.colcon_core.verb:Building package 'slam_cartographer' with the following arguments: {'ament_cmake_args': None, 'build_base': '/home/quangkhieu/Documents/ros2_ws/src/build/slam_cartographer', 'catkin_cmake_args': None, 'catkin_skip_building_tests': False, 'cmake_args': None, 'cmake_clean_cache': False, 'cmake_clean_first': False, 'cmake_force_configure': False, 'cmake_target': None, 'cmake_target_skip_unavailable': False, 'install_base': '/home/quangkhieu/Documents/ros2_ws/src/install/slam_cartographer', 'merge_install': False, 'path': '/home/quangkhieu/Documents/ros2_ws/src/slam_cartographer', 'symlink_install': False, 'test_result_base': None}
[0.338s] INFO:colcon.colcon_core.executor:Executing jobs using 'parallel' executor
[0.338s] DEBUG:colcon.colcon_parallel_executor.executor.parallel:run_until_complete
[0.339s] INFO:colcon.colcon_ros.task.ament_cmake.build:Building ROS package in '/home/quangkhieu/Documents/ros2_ws/src/slam_cartographer' with build type 'ament_cmake'
[0.339s] INFO:colcon.colcon_cmake.task.cmake.build:Building CMake package in '/home/quangkhieu/Documents/ros2_ws/src/slam_cartographer'
[0.340s] INFO:colcon.colcon_core.plugin_system:Skipping extension 'colcon_core.shell.bat': Not used on non-Windows systems
[0.340s] INFO:colcon.colcon_core.shell:Skip shell extension 'powershell' for command environment: Not usable outside of PowerShell
[0.340s] DEBUG:colcon.colcon_core.shell:Skip shell extension 'dsv' for command environment
[0.348s] DEBUG:colcon.colcon_core.event_handler.log_command:Invoking command in '/home/quangkhieu/Documents/ros2_ws/src/build/slam_cartographer': CMAKE_PREFIX_PATH=${CMAKE_PREFIX_PATH}:/opt/ros/humble /usr/bin/cmake --build /home/quangkhieu/Documents/ros2_ws/src/build/slam_cartographer -- -j8 -l8
[0.376s] DEBUG:colcon.colcon_core.event_handler.log_command:Invoked command in '/home/quangkhieu/Documents/ros2_ws/src/build/slam_cartographer' returned '0': CMAKE_PREFIX_PATH=${CMAKE_PREFIX_PATH}:/opt/ros/humble /usr/bin/cmake --build /home/quangkhieu/Documents/ros2_ws/src/build/slam_cartographer -- -j8 -l8
[0.398s] DEBUG:colcon.colcon_core.event_handler.log_command:Invoking command in '/home/quangkhieu/Documents/ros2_ws/src/build/slam_cartographer': CMAKE_PREFIX_PATH=${CMAKE_PREFIX_PATH}:/opt/ros/humble /usr/bin/cmake --install /home/quangkhieu/Documents/ros2_ws/src/build/slam_cartographer
[0.405s] Level 1:colcon.colcon_core.environment:create_environment_scripts_only(slam_cartographer)
[0.406s] DEBUG:colcon.colcon_core.event_handler.log_command:Invoked command in '/home/quangkhieu/Documents/ros2_ws/src/build/slam_cartographer' returned '0': CMAKE_PREFIX_PATH=${CMAKE_PREFIX_PATH}:/opt/ros/humble /usr/bin/cmake --install /home/quangkhieu/Documents/ros2_ws/src/build/slam_cartographer
[0.407s] Level 1:colcon.colcon_core.environment:checking '/home/quangkhieu/Documents/ros2_ws/src/install/slam_cartographer' for CMake module files
[0.407s] Level 1:colcon.colcon_core.environment:checking '/home/quangkhieu/Documents/ros2_ws/src/install/slam_cartographer' for CMake config files
[0.408s] Level 1:colcon.colcon_core.shell:create_environment_hook('slam_cartographer', 'cmake_prefix_path')
[0.408s] INFO:colcon.colcon_core.shell:Creating environment hook '/home/quangkhieu/Documents/ros2_ws/src/install/slam_cartographer/share/slam_cartographer/hook/cmake_prefix_path.ps1'
[0.408s] INFO:colcon.colcon_core.shell:Creating environment descriptor '/home/quangkhieu/Documents/ros2_ws/src/install/slam_cartographer/share/slam_cartographer/hook/cmake_prefix_path.dsv'
[0.409s] INFO:colcon.colcon_core.shell:Creating environment hook '/home/quangkhieu/Documents/ros2_ws/src/install/slam_cartographer/share/slam_cartographer/hook/cmake_prefix_path.sh'
[0.409s] Level 1:colcon.colcon_core.environment:checking '/home/quangkhieu/Documents/ros2_ws/src/install/slam_cartographer/bin'
[0.409s] Level 1:colcon.colcon_core.environment:checking '/home/quangkhieu/Documents/ros2_ws/src/install/slam_cartographer/lib/pkgconfig/slam_cartographer.pc'
[0.410s] Level 1:colcon.colcon_core.environment:checking '/home/quangkhieu/Documents/ros2_ws/src/install/slam_cartographer/lib/python3.10/site-packages'
[0.410s] Level 1:colcon.colcon_core.environment:checking '/home/quangkhieu/Documents/ros2_ws/src/install/slam_cartographer/bin'
[0.410s] INFO:colcon.colcon_core.shell:Creating package script '/home/quangkhieu/Documents/ros2_ws/src/install/slam_cartographer/share/slam_cartographer/package.ps1'
[0.411s] INFO:colcon.colcon_core.shell:Creating package descriptor '/home/quangkhieu/Documents/ros2_ws/src/install/slam_cartographer/share/slam_cartographer/package.dsv'
[0.411s] INFO:colcon.colcon_core.shell:Creating package script '/home/quangkhieu/Documents/ros2_ws/src/install/slam_cartographer/share/slam_cartographer/package.sh'
[0.411s] INFO:colcon.colcon_core.shell:Creating package script '/home/quangkhieu/Documents/ros2_ws/src/install/slam_cartographer/share/slam_cartographer/package.bash'
[0.412s] INFO:colcon.colcon_core.shell:Creating package script '/home/quangkhieu/Documents/ros2_ws/src/install/slam_cartographer/share/slam_cartographer/package.zsh'
[0.412s] Level 1:colcon.colcon_core.environment:create_file_with_runtime_dependencies(/home/quangkhieu/Documents/ros2_ws/src/install/slam_cartographer/share/colcon-core/packages/slam_cartographer)
[0.428s] Level 1:colcon.colcon_core.environment:create_environment_scripts_only(slam_cartographer)
[0.428s] Level 1:colcon.colcon_core.environment:checking '/home/quangkhieu/Documents/ros2_ws/src/install/slam_cartographer' for CMake module files
[0.429s] Level 1:colcon.colcon_core.environment:checking '/home/quangkhieu/Documents/ros2_ws/src/install/slam_cartographer' for CMake config files
[0.429s] Level 1:colcon.colcon_core.shell:create_environment_hook('slam_cartographer', 'cmake_prefix_path')
[0.429s] INFO:colcon.colcon_core.shell:Creating environment hook '/home/quangkhieu/Documents/ros2_ws/src/install/slam_cartographer/share/slam_cartographer/hook/cmake_prefix_path.ps1'
[0.430s] INFO:colcon.colcon_core.shell:Creating environment descriptor '/home/quangkhieu/Documents/ros2_ws/src/install/slam_cartographer/share/slam_cartographer/hook/cmake_prefix_path.dsv'
[0.430s] INFO:colcon.colcon_core.shell:Creating environment hook '/home/quangkhieu/Documents/ros2_ws/src/install/slam_cartographer/share/slam_cartographer/hook/cmake_prefix_path.sh'
[0.430s] Level 1:colcon.colcon_core.environment:checking '/home/quangkhieu/Documents/ros2_ws/src/install/slam_cartographer/bin'
[0.430s] Level 1:colcon.colcon_core.environment:checking '/home/quangkhieu/Documents/ros2_ws/src/install/slam_cartographer/lib/pkgconfig/slam_cartographer.pc'
[0.431s] Level 1:colcon.colcon_core.environment:checking '/home/quangkhieu/Documents/ros2_ws/src/install/slam_cartographer/lib/python3.10/site-packages'
[0.431s] Level 1:colcon.colcon_core.environment:checking '/home/quangkhieu/Documents/ros2_ws/src/install/slam_cartographer/bin'
[0.431s] INFO:colcon.colcon_core.shell:Creating package script '/home/quangkhieu/Documents/ros2_ws/src/install/slam_cartographer/share/slam_cartographer/package.ps1'
[0.431s] INFO:colcon.colcon_core.shell:Creating package descriptor '/home/quangkhieu/Documents/ros2_ws/src/install/slam_cartographer/share/slam_cartographer/package.dsv'
[0.432s] INFO:colcon.colcon_core.shell:Creating package script '/home/quangkhieu/Documents/ros2_ws/src/install/slam_cartographer/share/slam_cartographer/package.sh'
[0.432s] INFO:colcon.colcon_core.shell:Creating package script '/home/quangkhieu/Documents/ros2_ws/src/install/slam_cartographer/share/slam_cartographer/package.bash'
[0.432s] INFO:colcon.colcon_core.shell:Creating package script '/home/quangkhieu/Documents/ros2_ws/src/install/slam_cartographer/share/slam_cartographer/package.zsh'
[0.433s] Level 1:colcon.colcon_core.environment:create_file_with_runtime_dependencies(/home/quangkhieu/Documents/ros2_ws/src/install/slam_cartographer/share/colcon-core/packages/slam_cartographer)
[0.433s] DEBUG:colcon.colcon_parallel_executor.executor.parallel:closing loop
[0.433s] DEBUG:colcon.colcon_parallel_executor.executor.parallel:loop closed
[0.433s] DEBUG:colcon.colcon_parallel_executor.executor.parallel:run_until_complete finished with '0'
[0.433s] DEBUG:colcon.colcon_core.event_reactor:joining thread
[0.437s] INFO:colcon.colcon_core.plugin_system:Skipping extension 'colcon_notification.desktop_notification.terminal_notifier': Not used on non-Darwin systems
[0.437s] INFO:colcon.colcon_core.plugin_system:Skipping extension 'colcon_notification.desktop_notification.win32': Not used on non-Windows systems
[0.437s] INFO:colcon.colcon_notification.desktop_notification:Sending desktop notification using 'notify2'
[0.446s] DEBUG:colcon.colcon_core.event_reactor:joined thread
[0.446s] INFO:colcon.colcon_core.shell:Creating prefix script '/home/quangkhieu/Documents/ros2_ws/src/install/local_setup.ps1'
[0.447s] INFO:colcon.colcon_core.shell:Creating prefix util module '/home/quangkhieu/Documents/ros2_ws/src/install/_local_setup_util_ps1.py'
[0.448s] INFO:colcon.colcon_core.shell:Creating prefix chain script '/home/quangkhieu/Documents/ros2_ws/src/install/setup.ps1'
[0.449s] INFO:colcon.colcon_core.shell:Creating prefix script '/home/quangkhieu/Documents/ros2_ws/src/install/local_setup.sh'
[0.450s] INFO:colcon.colcon_core.shell:Creating prefix util module '/home/quangkhieu/Documents/ros2_ws/src/install/_local_setup_util_sh.py'
[0.450s] INFO:colcon.colcon_core.shell:Creating prefix chain script '/home/quangkhieu/Documents/ros2_ws/src/install/setup.sh'
[0.451s] INFO:colcon.colcon_core.shell:Creating prefix script '/home/quangkhieu/Documents/ros2_ws/src/install/local_setup.bash'
[0.452s] INFO:colcon.colcon_core.shell:Creating prefix chain script '/home/quangkhieu/Documents/ros2_ws/src/install/setup.bash'
[0.453s] INFO:colcon.colcon_core.shell:Creating prefix script '/home/quangkhieu/Documents/ros2_ws/src/install/local_setup.zsh'
[0.453s] INFO:colcon.colcon_core.shell:Creating prefix chain script '/home/quangkhieu/Documents/ros2_ws/src/install/setup.zsh'
