[0.266s] DEBUG:colcon:Command line arguments: ['/usr/bin/colcon', 'build', '--packages-select', 'rtcrobot_msg']
[0.266s] DEBUG:colcon:Parsed command line arguments: Namespace(log_base=None, log_level=None, verb_name='build', build_base='build', install_base='install', merge_install=False, symlink_install=False, test_result_base=None, continue_on_error=False, executor='parallel', parallel_workers=8, event_handlers=None, ignore_user_meta=False, metas=['./colcon.meta'], base_paths=['.'], packages_ignore=None, packages_ignore_regex=None, paths=None, packages_up_to=None, packages_up_to_regex=None, packages_above=None, packages_above_and_dependencies=None, packages_above_depth=None, packages_select_by_dep=None, packages_skip_by_dep=None, packages_skip_up_to=None, packages_select_build_failed=False, packages_skip_build_finished=False, packages_select_test_failures=False, packages_skip_test_passed=False, packages_select=['rtcrobot_msg'], packages_skip=None, packages_select_regex=None, packages_skip_regex=None, packages_start=None, packages_end=None, allow_overriding=[], cmake_args=None, cmake_target=None, cmake_target_skip_unavailable=False, cmake_clean_cache=False, cmake_clean_first=False, cmake_force_configure=False, ament_cmake_args=None, catkin_cmake_args=None, catkin_skip_building_tests=False, mixin_files=None, mixin=None, verb_parser=<colcon_mixin.mixin.mixin_argument.MixinArgumentDecorator object at 0x767a07436fe0>, verb_extension=<colcon_core.verb.build.BuildVerb object at 0x767a0754b610>, main=<bound method BuildVerb.main of <colcon_core.verb.build.BuildVerb object at 0x767a0754b610>>, mixin_verb=('build',))
[0.515s] Level 1:colcon.colcon_core.package_discovery:discover_packages(colcon_meta) check parameters
[0.515s] Level 1:colcon.colcon_core.package_discovery:discover_packages(recursive) check parameters
[0.515s] Level 1:colcon.colcon_core.package_discovery:discover_packages(ignore) check parameters
[0.515s] Level 1:colcon.colcon_core.package_discovery:discover_packages(path) check parameters
[0.515s] Level 1:colcon.colcon_core.package_discovery:discover_packages(colcon_meta) discover
[0.515s] Level 1:colcon.colcon_core.package_discovery:discover_packages(recursive) discover
[0.515s] INFO:colcon.colcon_core.package_discovery:Crawling recursively for packages in '/home/quangkhieu/Documents/ros2_ws/src'
[0.515s] Level 1:colcon.colcon_core.package_identification:_identify(.) by extensions ['ignore', 'ignore_ament_install']
[0.516s] Level 1:colcon.colcon_core.package_identification:_identify(.) by extension 'ignore'
[0.516s] Level 1:colcon.colcon_core.package_identification:_identify(.) by extension 'ignore_ament_install'
[0.516s] Level 1:colcon.colcon_core.package_identification:_identify(.) by extensions ['colcon_pkg']
[0.516s] Level 1:colcon.colcon_core.package_identification:_identify(.) by extension 'colcon_pkg'
[0.516s] Level 1:colcon.colcon_core.package_identification:_identify(.) by extensions ['colcon_meta']
[0.516s] Level 1:colcon.colcon_core.package_identification:_identify(.) by extension 'colcon_meta'
[0.516s] Level 1:colcon.colcon_core.package_identification:_identify(.) by extensions ['ros']
[0.516s] Level 1:colcon.colcon_core.package_identification:_identify(.) by extension 'ros'
[0.528s] Level 1:colcon.colcon_core.package_identification:_identify(.) by extensions ['cmake', 'python']
[0.528s] Level 1:colcon.colcon_core.package_identification:_identify(.) by extension 'cmake'
[0.528s] Level 1:colcon.colcon_core.package_identification:_identify(.) by extension 'python'
[0.528s] Level 1:colcon.colcon_core.package_identification:_identify(.) by extensions ['python_setup_py']
[0.528s] Level 1:colcon.colcon_core.package_identification:_identify(.) by extension 'python_setup_py'
[0.528s] Level 1:colcon.colcon_core.package_identification:_identify(bring_up) by extensions ['ignore', 'ignore_ament_install']
[0.528s] Level 1:colcon.colcon_core.package_identification:_identify(bring_up) by extension 'ignore'
[0.528s] Level 1:colcon.colcon_core.package_identification:_identify(bring_up) by extension 'ignore_ament_install'
[0.528s] Level 1:colcon.colcon_core.package_identification:_identify(bring_up) by extensions ['colcon_pkg']
[0.528s] Level 1:colcon.colcon_core.package_identification:_identify(bring_up) by extension 'colcon_pkg'
[0.528s] Level 1:colcon.colcon_core.package_identification:_identify(bring_up) by extensions ['colcon_meta']
[0.528s] Level 1:colcon.colcon_core.package_identification:_identify(bring_up) by extension 'colcon_meta'
[0.528s] Level 1:colcon.colcon_core.package_identification:_identify(bring_up) by extensions ['ros']
[0.528s] Level 1:colcon.colcon_core.package_identification:_identify(bring_up) by extension 'ros'
[0.532s] DEBUG:colcon.colcon_core.package_identification:Package 'bring_up' with type 'ros.ament_cmake' and name 'bring_up'
[0.532s] Level 1:colcon.colcon_core.package_identification:_identify(build) by extensions ['ignore', 'ignore_ament_install']
[0.532s] Level 1:colcon.colcon_core.package_identification:_identify(build) by extension 'ignore'
[0.532s] Level 1:colcon.colcon_core.package_identification:_identify(build) ignored
[0.532s] Level 1:colcon.colcon_core.package_identification:_identify(install) by extensions ['ignore', 'ignore_ament_install']
[0.532s] Level 1:colcon.colcon_core.package_identification:_identify(install) by extension 'ignore'
[0.532s] Level 1:colcon.colcon_core.package_identification:_identify(install) ignored
[0.532s] Level 1:colcon.colcon_core.package_identification:_identify(log) by extensions ['ignore', 'ignore_ament_install']
[0.532s] Level 1:colcon.colcon_core.package_identification:_identify(log) by extension 'ignore'
[0.532s] Level 1:colcon.colcon_core.package_identification:_identify(log) ignored
[0.533s] Level 1:colcon.colcon_core.package_identification:_identify(robot_display) by extensions ['ignore', 'ignore_ament_install']
[0.533s] Level 1:colcon.colcon_core.package_identification:_identify(robot_display) by extension 'ignore'
[0.533s] Level 1:colcon.colcon_core.package_identification:_identify(robot_display) by extension 'ignore_ament_install'
[0.533s] Level 1:colcon.colcon_core.package_identification:_identify(robot_display) by extensions ['colcon_pkg']
[0.533s] Level 1:colcon.colcon_core.package_identification:_identify(robot_display) by extension 'colcon_pkg'
[0.533s] Level 1:colcon.colcon_core.package_identification:_identify(robot_display) by extensions ['colcon_meta']
[0.533s] Level 1:colcon.colcon_core.package_identification:_identify(robot_display) by extension 'colcon_meta'
[0.533s] Level 1:colcon.colcon_core.package_identification:_identify(robot_display) by extensions ['ros']
[0.533s] Level 1:colcon.colcon_core.package_identification:_identify(robot_display) by extension 'ros'
[0.534s] DEBUG:colcon.colcon_core.package_identification:Package 'robot_display' with type 'ros.ament_cmake' and name 'robot_display'
[0.534s] Level 1:colcon.colcon_core.package_identification:_identify(rtcrobot_msg) by extensions ['ignore', 'ignore_ament_install']
[0.534s] Level 1:colcon.colcon_core.package_identification:_identify(rtcrobot_msg) by extension 'ignore'
[0.534s] Level 1:colcon.colcon_core.package_identification:_identify(rtcrobot_msg) by extension 'ignore_ament_install'
[0.534s] Level 1:colcon.colcon_core.package_identification:_identify(rtcrobot_msg) by extensions ['colcon_pkg']
[0.534s] Level 1:colcon.colcon_core.package_identification:_identify(rtcrobot_msg) by extension 'colcon_pkg'
[0.534s] Level 1:colcon.colcon_core.package_identification:_identify(rtcrobot_msg) by extensions ['colcon_meta']
[0.534s] Level 1:colcon.colcon_core.package_identification:_identify(rtcrobot_msg) by extension 'colcon_meta'
[0.534s] Level 1:colcon.colcon_core.package_identification:_identify(rtcrobot_msg) by extensions ['ros']
[0.534s] Level 1:colcon.colcon_core.package_identification:_identify(rtcrobot_msg) by extension 'ros'
[0.535s] DEBUG:colcon.colcon_core.package_identification:Package 'rtcrobot_msg' with type 'ros.ament_cmake' and name 'rtcrobot_msg'
[0.535s] Level 1:colcon.colcon_core.package_identification:_identify(sick_scan2) by extensions ['ignore', 'ignore_ament_install']
[0.535s] Level 1:colcon.colcon_core.package_identification:_identify(sick_scan2) by extension 'ignore'
[0.535s] Level 1:colcon.colcon_core.package_identification:_identify(sick_scan2) by extension 'ignore_ament_install'
[0.535s] Level 1:colcon.colcon_core.package_identification:_identify(sick_scan2) by extensions ['colcon_pkg']
[0.535s] Level 1:colcon.colcon_core.package_identification:_identify(sick_scan2) by extension 'colcon_pkg'
[0.535s] Level 1:colcon.colcon_core.package_identification:_identify(sick_scan2) by extensions ['colcon_meta']
[0.535s] Level 1:colcon.colcon_core.package_identification:_identify(sick_scan2) by extension 'colcon_meta'
[0.535s] Level 1:colcon.colcon_core.package_identification:_identify(sick_scan2) by extensions ['ros']
[0.536s] Level 1:colcon.colcon_core.package_identification:_identify(sick_scan2) by extension 'ros'
[0.539s] DEBUG:colcon.colcon_core.package_identification:Package 'sick_scan2' with type 'ros.ament_cmake' and name 'sick_scan2'
[0.539s] Level 1:colcon.colcon_core.package_identification:_identify(slam_cartographer) by extensions ['ignore', 'ignore_ament_install']
[0.539s] Level 1:colcon.colcon_core.package_identification:_identify(slam_cartographer) by extension 'ignore'
[0.540s] Level 1:colcon.colcon_core.package_identification:_identify(slam_cartographer) by extension 'ignore_ament_install'
[0.540s] Level 1:colcon.colcon_core.package_identification:_identify(slam_cartographer) by extensions ['colcon_pkg']
[0.540s] Level 1:colcon.colcon_core.package_identification:_identify(slam_cartographer) by extension 'colcon_pkg'
[0.540s] Level 1:colcon.colcon_core.package_identification:_identify(slam_cartographer) by extensions ['colcon_meta']
[0.540s] Level 1:colcon.colcon_core.package_identification:_identify(slam_cartographer) by extension 'colcon_meta'
[0.540s] Level 1:colcon.colcon_core.package_identification:_identify(slam_cartographer) by extensions ['ros']
[0.540s] Level 1:colcon.colcon_core.package_identification:_identify(slam_cartographer) by extension 'ros'
[0.540s] DEBUG:colcon.colcon_core.package_identification:Package 'slam_cartographer' with type 'ros.ament_cmake' and name 'slam_cartographer'
[0.540s] Level 1:colcon.colcon_core.package_discovery:discover_packages(recursive) using defaults
[0.541s] Level 1:colcon.colcon_core.package_discovery:discover_packages(ignore) discover
[0.541s] Level 1:colcon.colcon_core.package_discovery:discover_packages(ignore) using defaults
[0.541s] Level 1:colcon.colcon_core.package_discovery:discover_packages(path) discover
[0.541s] Level 1:colcon.colcon_core.package_discovery:discover_packages(path) using defaults
[0.574s] INFO:colcon.colcon_core.package_selection:Skipping not selected package 'bring_up' in 'bring_up'
[0.574s] INFO:colcon.colcon_core.package_selection:Skipping not selected package 'robot_display' in 'robot_display'
[0.574s] INFO:colcon.colcon_core.package_selection:Skipping not selected package 'sick_scan2' in 'sick_scan2'
[0.574s] INFO:colcon.colcon_core.package_selection:Skipping not selected package 'slam_cartographer' in 'slam_cartographer'
[0.575s] Level 1:colcon.colcon_core.package_discovery:discover_packages(prefix_path) check parameters
[0.575s] Level 1:colcon.colcon_core.package_discovery:discover_packages(prefix_path) discover
[0.579s] DEBUG:colcon.colcon_installed_package_information.package_discovery:Found 1 installed packages in /home/quangkhieu/Documents/ros2_ws/src/install
[0.583s] DEBUG:colcon.colcon_installed_package_information.package_discovery:Found 6 installed packages in /home/quangkhieu/Documents/ros2_ws/install
[0.585s] DEBUG:colcon.colcon_installed_package_information.package_discovery:Found 391 installed packages in /opt/ros/humble
[0.587s] Level 1:colcon.colcon_core.package_discovery:discover_packages(prefix_path) using defaults
[0.693s] Level 5:colcon.colcon_core.verb:set package 'rtcrobot_msg' build argument 'cmake_args' from command line to 'None'
[0.693s] Level 5:colcon.colcon_core.verb:set package 'rtcrobot_msg' build argument 'cmake_target' from command line to 'None'
[0.693s] Level 5:colcon.colcon_core.verb:set package 'rtcrobot_msg' build argument 'cmake_target_skip_unavailable' from command line to 'False'
[0.693s] Level 5:colcon.colcon_core.verb:set package 'rtcrobot_msg' build argument 'cmake_clean_cache' from command line to 'False'
[0.693s] Level 5:colcon.colcon_core.verb:set package 'rtcrobot_msg' build argument 'cmake_clean_first' from command line to 'False'
[0.693s] Level 5:colcon.colcon_core.verb:set package 'rtcrobot_msg' build argument 'cmake_force_configure' from command line to 'False'
[0.693s] Level 5:colcon.colcon_core.verb:set package 'rtcrobot_msg' build argument 'ament_cmake_args' from command line to 'None'
[0.693s] Level 5:colcon.colcon_core.verb:set package 'rtcrobot_msg' build argument 'catkin_cmake_args' from command line to 'None'
[0.693s] Level 5:colcon.colcon_core.verb:set package 'rtcrobot_msg' build argument 'catkin_skip_building_tests' from command line to 'False'
[0.693s] DEBUG:colcon.colcon_core.verb:Building package 'rtcrobot_msg' with the following arguments: {'ament_cmake_args': None, 'build_base': '/home/quangkhieu/Documents/ros2_ws/src/build/rtcrobot_msg', 'catkin_cmake_args': None, 'catkin_skip_building_tests': False, 'cmake_args': None, 'cmake_clean_cache': False, 'cmake_clean_first': False, 'cmake_force_configure': False, 'cmake_target': None, 'cmake_target_skip_unavailable': False, 'install_base': '/home/quangkhieu/Documents/ros2_ws/src/install/rtcrobot_msg', 'merge_install': False, 'path': '/home/quangkhieu/Documents/ros2_ws/src/rtcrobot_msg', 'symlink_install': False, 'test_result_base': None}
[0.694s] INFO:colcon.colcon_core.executor:Executing jobs using 'parallel' executor
[0.694s] DEBUG:colcon.colcon_parallel_executor.executor.parallel:run_until_complete
[0.694s] INFO:colcon.colcon_ros.task.ament_cmake.build:Building ROS package in '/home/quangkhieu/Documents/ros2_ws/src/rtcrobot_msg' with build type 'ament_cmake'
[0.694s] INFO:colcon.colcon_cmake.task.cmake.build:Building CMake package in '/home/quangkhieu/Documents/ros2_ws/src/rtcrobot_msg'
[0.698s] INFO:colcon.colcon_core.plugin_system:Skipping extension 'colcon_core.shell.bat': Not used on non-Windows systems
[0.699s] INFO:colcon.colcon_core.shell:Skip shell extension 'powershell' for command environment: Not usable outside of PowerShell
[0.699s] DEBUG:colcon.colcon_core.shell:Skip shell extension 'dsv' for command environment
[0.705s] DEBUG:colcon.colcon_core.event_handler.log_command:Invoking command in '/home/quangkhieu/Documents/ros2_ws/src/build/rtcrobot_msg': CMAKE_PREFIX_PATH=${CMAKE_PREFIX_PATH}:/opt/ros/humble /usr/bin/cmake /home/quangkhieu/Documents/ros2_ws/src/rtcrobot_msg -DCMAKE_INSTALL_PREFIX=/home/quangkhieu/Documents/ros2_ws/src/install/rtcrobot_msg
[2.725s] DEBUG:colcon.colcon_core.event_handler.log_command:Invoked command in '/home/quangkhieu/Documents/ros2_ws/src/build/rtcrobot_msg' returned '0': CMAKE_PREFIX_PATH=${CMAKE_PREFIX_PATH}:/opt/ros/humble /usr/bin/cmake /home/quangkhieu/Documents/ros2_ws/src/rtcrobot_msg -DCMAKE_INSTALL_PREFIX=/home/quangkhieu/Documents/ros2_ws/src/install/rtcrobot_msg
[2.727s] DEBUG:colcon.colcon_core.event_handler.log_command:Invoking command in '/home/quangkhieu/Documents/ros2_ws/src/build/rtcrobot_msg': CMAKE_PREFIX_PATH=${CMAKE_PREFIX_PATH}:/opt/ros/humble /usr/bin/cmake --build /home/quangkhieu/Documents/ros2_ws/src/build/rtcrobot_msg -- -j8 -l8
[23.205s] DEBUG:colcon.colcon_core.event_handler.log_command:Invoked command in '/home/quangkhieu/Documents/ros2_ws/src/build/rtcrobot_msg' returned '0': CMAKE_PREFIX_PATH=${CMAKE_PREFIX_PATH}:/opt/ros/humble /usr/bin/cmake --build /home/quangkhieu/Documents/ros2_ws/src/build/rtcrobot_msg -- -j8 -l8
[23.590s] DEBUG:colcon.colcon_core.event_handler.log_command:Invoking command in '/home/quangkhieu/Documents/ros2_ws/src/build/rtcrobot_msg': CMAKE_PREFIX_PATH=${CMAKE_PREFIX_PATH}:/opt/ros/humble /usr/bin/cmake --install /home/quangkhieu/Documents/ros2_ws/src/build/rtcrobot_msg
[23.772s] Level 1:colcon.colcon_core.environment:create_environment_scripts_only(rtcrobot_msg)
[23.773s] DEBUG:colcon.colcon_core.event_handler.log_command:Invoked command in '/home/quangkhieu/Documents/ros2_ws/src/build/rtcrobot_msg' returned '0': CMAKE_PREFIX_PATH=${CMAKE_PREFIX_PATH}:/opt/ros/humble /usr/bin/cmake --install /home/quangkhieu/Documents/ros2_ws/src/build/rtcrobot_msg
[23.777s] Level 1:colcon.colcon_core.environment:checking '/home/quangkhieu/Documents/ros2_ws/src/install/rtcrobot_msg' for CMake module files
[23.778s] Level 1:colcon.colcon_core.environment:checking '/home/quangkhieu/Documents/ros2_ws/src/install/rtcrobot_msg' for CMake config files
[23.778s] Level 1:colcon.colcon_core.shell:create_environment_hook('rtcrobot_msg', 'cmake_prefix_path')
[23.778s] INFO:colcon.colcon_core.shell:Creating environment hook '/home/quangkhieu/Documents/ros2_ws/src/install/rtcrobot_msg/share/rtcrobot_msg/hook/cmake_prefix_path.ps1'
[23.779s] INFO:colcon.colcon_core.shell:Creating environment descriptor '/home/quangkhieu/Documents/ros2_ws/src/install/rtcrobot_msg/share/rtcrobot_msg/hook/cmake_prefix_path.dsv'
[23.779s] INFO:colcon.colcon_core.shell:Creating environment hook '/home/quangkhieu/Documents/ros2_ws/src/install/rtcrobot_msg/share/rtcrobot_msg/hook/cmake_prefix_path.sh'
[23.780s] Level 1:colcon.colcon_core.environment:checking '/home/quangkhieu/Documents/ros2_ws/src/install/rtcrobot_msg/lib'
[23.781s] Level 1:colcon.colcon_core.shell:create_environment_hook('rtcrobot_msg', 'ld_library_path_lib')
[23.781s] INFO:colcon.colcon_core.shell:Creating environment hook '/home/quangkhieu/Documents/ros2_ws/src/install/rtcrobot_msg/share/rtcrobot_msg/hook/ld_library_path_lib.ps1'
[23.781s] INFO:colcon.colcon_core.shell:Creating environment descriptor '/home/quangkhieu/Documents/ros2_ws/src/install/rtcrobot_msg/share/rtcrobot_msg/hook/ld_library_path_lib.dsv'
[23.781s] INFO:colcon.colcon_core.shell:Creating environment hook '/home/quangkhieu/Documents/ros2_ws/src/install/rtcrobot_msg/share/rtcrobot_msg/hook/ld_library_path_lib.sh'
[23.782s] Level 1:colcon.colcon_core.environment:checking '/home/quangkhieu/Documents/ros2_ws/src/install/rtcrobot_msg/bin'
[23.782s] Level 1:colcon.colcon_core.environment:checking '/home/quangkhieu/Documents/ros2_ws/src/install/rtcrobot_msg/lib/pkgconfig/rtcrobot_msg.pc'
[23.782s] Level 1:colcon.colcon_core.environment:checking '/home/quangkhieu/Documents/ros2_ws/src/install/rtcrobot_msg/lib/python3.10/site-packages'
[23.782s] Level 1:colcon.colcon_core.environment:checking '/home/quangkhieu/Documents/ros2_ws/src/install/rtcrobot_msg/bin'
[23.782s] INFO:colcon.colcon_core.shell:Creating package script '/home/quangkhieu/Documents/ros2_ws/src/install/rtcrobot_msg/share/rtcrobot_msg/package.ps1'
[23.783s] INFO:colcon.colcon_core.shell:Creating package descriptor '/home/quangkhieu/Documents/ros2_ws/src/install/rtcrobot_msg/share/rtcrobot_msg/package.dsv'
[23.784s] INFO:colcon.colcon_core.shell:Creating package script '/home/quangkhieu/Documents/ros2_ws/src/install/rtcrobot_msg/share/rtcrobot_msg/package.sh'
[23.784s] INFO:colcon.colcon_core.shell:Creating package script '/home/quangkhieu/Documents/ros2_ws/src/install/rtcrobot_msg/share/rtcrobot_msg/package.bash'
[23.785s] INFO:colcon.colcon_core.shell:Creating package script '/home/quangkhieu/Documents/ros2_ws/src/install/rtcrobot_msg/share/rtcrobot_msg/package.zsh'
[23.786s] Level 1:colcon.colcon_core.environment:create_file_with_runtime_dependencies(/home/quangkhieu/Documents/ros2_ws/src/install/rtcrobot_msg/share/colcon-core/packages/rtcrobot_msg)
[24.160s] Level 1:colcon.colcon_core.environment:create_environment_scripts_only(rtcrobot_msg)
[24.160s] Level 1:colcon.colcon_core.environment:checking '/home/quangkhieu/Documents/ros2_ws/src/install/rtcrobot_msg' for CMake module files
[24.161s] Level 1:colcon.colcon_core.environment:checking '/home/quangkhieu/Documents/ros2_ws/src/install/rtcrobot_msg' for CMake config files
[24.161s] Level 1:colcon.colcon_core.shell:create_environment_hook('rtcrobot_msg', 'cmake_prefix_path')
[24.161s] INFO:colcon.colcon_core.shell:Creating environment hook '/home/quangkhieu/Documents/ros2_ws/src/install/rtcrobot_msg/share/rtcrobot_msg/hook/cmake_prefix_path.ps1'
[24.162s] INFO:colcon.colcon_core.shell:Creating environment descriptor '/home/quangkhieu/Documents/ros2_ws/src/install/rtcrobot_msg/share/rtcrobot_msg/hook/cmake_prefix_path.dsv'
[24.162s] INFO:colcon.colcon_core.shell:Creating environment hook '/home/quangkhieu/Documents/ros2_ws/src/install/rtcrobot_msg/share/rtcrobot_msg/hook/cmake_prefix_path.sh'
[24.162s] Level 1:colcon.colcon_core.environment:checking '/home/quangkhieu/Documents/ros2_ws/src/install/rtcrobot_msg/lib'
[24.162s] Level 1:colcon.colcon_core.shell:create_environment_hook('rtcrobot_msg', 'ld_library_path_lib')
[24.162s] INFO:colcon.colcon_core.shell:Creating environment hook '/home/quangkhieu/Documents/ros2_ws/src/install/rtcrobot_msg/share/rtcrobot_msg/hook/ld_library_path_lib.ps1'
[24.163s] INFO:colcon.colcon_core.shell:Creating environment descriptor '/home/quangkhieu/Documents/ros2_ws/src/install/rtcrobot_msg/share/rtcrobot_msg/hook/ld_library_path_lib.dsv'
[24.163s] INFO:colcon.colcon_core.shell:Creating environment hook '/home/quangkhieu/Documents/ros2_ws/src/install/rtcrobot_msg/share/rtcrobot_msg/hook/ld_library_path_lib.sh'
[24.163s] Level 1:colcon.colcon_core.environment:checking '/home/quangkhieu/Documents/ros2_ws/src/install/rtcrobot_msg/bin'
[24.163s] Level 1:colcon.colcon_core.environment:checking '/home/quangkhieu/Documents/ros2_ws/src/install/rtcrobot_msg/lib/pkgconfig/rtcrobot_msg.pc'
[24.164s] Level 1:colcon.colcon_core.environment:checking '/home/quangkhieu/Documents/ros2_ws/src/install/rtcrobot_msg/lib/python3.10/site-packages'
[24.164s] Level 1:colcon.colcon_core.environment:checking '/home/quangkhieu/Documents/ros2_ws/src/install/rtcrobot_msg/bin'
[24.164s] INFO:colcon.colcon_core.shell:Creating package script '/home/quangkhieu/Documents/ros2_ws/src/install/rtcrobot_msg/share/rtcrobot_msg/package.ps1'
[24.164s] INFO:colcon.colcon_core.shell:Creating package descriptor '/home/quangkhieu/Documents/ros2_ws/src/install/rtcrobot_msg/share/rtcrobot_msg/package.dsv'
[24.165s] INFO:colcon.colcon_core.shell:Creating package script '/home/quangkhieu/Documents/ros2_ws/src/install/rtcrobot_msg/share/rtcrobot_msg/package.sh'
[24.165s] INFO:colcon.colcon_core.shell:Creating package script '/home/quangkhieu/Documents/ros2_ws/src/install/rtcrobot_msg/share/rtcrobot_msg/package.bash'
[24.165s] INFO:colcon.colcon_core.shell:Creating package script '/home/quangkhieu/Documents/ros2_ws/src/install/rtcrobot_msg/share/rtcrobot_msg/package.zsh'
[24.166s] Level 1:colcon.colcon_core.environment:create_file_with_runtime_dependencies(/home/quangkhieu/Documents/ros2_ws/src/install/rtcrobot_msg/share/colcon-core/packages/rtcrobot_msg)
[24.166s] DEBUG:colcon.colcon_parallel_executor.executor.parallel:closing loop
[24.166s] DEBUG:colcon.colcon_parallel_executor.executor.parallel:loop closed
[24.167s] DEBUG:colcon.colcon_parallel_executor.executor.parallel:run_until_complete finished with '0'
[24.167s] DEBUG:colcon.colcon_core.event_reactor:joining thread
[24.173s] INFO:colcon.colcon_core.plugin_system:Skipping extension 'colcon_notification.desktop_notification.terminal_notifier': Not used on non-Darwin systems
[24.173s] INFO:colcon.colcon_core.plugin_system:Skipping extension 'colcon_notification.desktop_notification.win32': Not used on non-Windows systems
[24.173s] INFO:colcon.colcon_notification.desktop_notification:Sending desktop notification using 'notify2'
[24.187s] DEBUG:colcon.colcon_core.event_reactor:joined thread
[24.187s] INFO:colcon.colcon_core.shell:Creating prefix script '/home/quangkhieu/Documents/ros2_ws/src/install/local_setup.ps1'
[24.188s] INFO:colcon.colcon_core.shell:Creating prefix util module '/home/quangkhieu/Documents/ros2_ws/src/install/_local_setup_util_ps1.py'
[24.189s] INFO:colcon.colcon_core.shell:Creating prefix chain script '/home/quangkhieu/Documents/ros2_ws/src/install/setup.ps1'
[24.191s] INFO:colcon.colcon_core.shell:Creating prefix script '/home/quangkhieu/Documents/ros2_ws/src/install/local_setup.sh'
[24.191s] INFO:colcon.colcon_core.shell:Creating prefix util module '/home/quangkhieu/Documents/ros2_ws/src/install/_local_setup_util_sh.py'
[24.192s] INFO:colcon.colcon_core.shell:Creating prefix chain script '/home/quangkhieu/Documents/ros2_ws/src/install/setup.sh'
[24.193s] INFO:colcon.colcon_core.shell:Creating prefix script '/home/quangkhieu/Documents/ros2_ws/src/install/local_setup.bash'
[24.194s] INFO:colcon.colcon_core.shell:Creating prefix chain script '/home/quangkhieu/Documents/ros2_ws/src/install/setup.bash'
[24.195s] INFO:colcon.colcon_core.shell:Creating prefix script '/home/quangkhieu/Documents/ros2_ws/src/install/local_setup.zsh'
[24.195s] INFO:colcon.colcon_core.shell:Creating prefix chain script '/home/quangkhieu/Documents/ros2_ws/src/install/setup.zsh'
