-- Install configuration: ""
-- Up-to-date: /home/quangkhieu/Documents/ros2_ws/src/install/slam_cartographer/share/slam_cartographer//launch
-- Installing: /home/quangkhieu/Documents/ros2_ws/src/install/slam_cartographer/share/slam_cartographer//launch/slam_cartographer.launch.py
-- Up-to-date: /home/quangkhieu/Documents/ros2_ws/src/install/slam_cartographer/share/slam_cartographer//config
-- Up-to-date: /home/quangkhieu/Documents/ros2_ws/src/install/slam_cartographer/share/slam_cartographer//config/carto_config.lua
-- Up-to-date: /home/quangkhieu/Documents/ros2_ws/src/install/slam_cartographer/share/ament_index/resource_index/package_run_dependencies/slam_cartographer
-- Up-to-date: /home/quangkhieu/Documents/ros2_ws/src/install/slam_cartographer/share/ament_index/resource_index/parent_prefix_path/slam_cartographer
-- Up-to-date: /home/quangkhieu/Documents/ros2_ws/src/install/slam_cartographer/share/slam_cartographer/environment/ament_prefix_path.sh
-- Up-to-date: /home/quangkhieu/Documents/ros2_ws/src/install/slam_cartographer/share/slam_cartographer/environment/ament_prefix_path.dsv
-- Up-to-date: /home/quangkhieu/Documents/ros2_ws/src/install/slam_cartographer/share/slam_cartographer/environment/path.sh
-- Up-to-date: /home/quangkhieu/Documents/ros2_ws/src/install/slam_cartographer/share/slam_cartographer/environment/path.dsv
-- Up-to-date: /home/quangkhieu/Documents/ros2_ws/src/install/slam_cartographer/share/slam_cartographer/local_setup.bash
-- Up-to-date: /home/quangkhieu/Documents/ros2_ws/src/install/slam_cartographer/share/slam_cartographer/local_setup.sh
-- Up-to-date: /home/quangkhieu/Documents/ros2_ws/src/install/slam_cartographer/share/slam_cartographer/local_setup.zsh
-- Up-to-date: /home/quangkhieu/Documents/ros2_ws/src/install/slam_cartographer/share/slam_cartographer/local_setup.dsv
-- Up-to-date: /home/quangkhieu/Documents/ros2_ws/src/install/slam_cartographer/share/slam_cartographer/package.dsv
-- Up-to-date: /home/quangkhieu/Documents/ros2_ws/src/install/slam_cartographer/share/ament_index/resource_index/packages/slam_cartographer
-- Up-to-date: /home/quangkhieu/Documents/ros2_ws/src/install/slam_cartographer/share/slam_cartographer/cmake/slam_cartographerConfig.cmake
-- Up-to-date: /home/quangkhieu/Documents/ros2_ws/src/install/slam_cartographer/share/slam_cartographer/cmake/slam_cartographerConfig-version.cmake
-- Up-to-date: /home/quangkhieu/Documents/ros2_ws/src/install/slam_cartographer/share/slam_cartographer/package.xml
