-- The C compiler identification is GNU 11.4.0
-- The CXX compiler identification is GNU 11.4.0
-- Detecting C compiler ABI info
-- Detecting C compiler ABI info - done
-- Check for working C compiler: /usr/bin/cc - skipped
-- Detecting C compile features
-- Detecting C compile features - done
-- Detecting CXX compiler ABI info
-- Detecting CXX compiler ABI info - done
-- Check for working CXX compiler: /usr/bin/c++ - skipped
-- Detecting CXX compile features
-- Detecting CXX compile features - done
-- Found ament_cmake: 1.3.10 (/opt/ros/humble/share/ament_cmake/cmake)
-- Found Python3: /usr/bin/python3 (found version "3.10.12") found components: Interpreter 
-- Configuring done
-- Generating done
-- Build files have been written to: /home/quangkhieu/Documents/ros2_ws/src/build/slam_cartographer
-- Install configuration: ""
-- Installing: /home/quangkhieu/Documents/ros2_ws/src/install/slam_cartographer/share/slam_cartographer//launch
-- Installing: /home/quangkhieu/Documents/ros2_ws/src/install/slam_cartographer/share/slam_cartographer//launch/slam_cartographer.launch.py
-- Installing: /home/quangkhieu/Documents/ros2_ws/src/install/slam_cartographer/share/ament_index/resource_index/package_run_dependencies/slam_cartographer
-- Installing: /home/quangkhieu/Documents/ros2_ws/src/install/slam_cartographer/share/ament_index/resource_index/parent_prefix_path/slam_cartographer
-- Installing: /home/quangkhieu/Documents/ros2_ws/src/install/slam_cartographer/share/slam_cartographer/environment/ament_prefix_path.sh
-- Installing: /home/quangkhieu/Documents/ros2_ws/src/install/slam_cartographer/share/slam_cartographer/environment/ament_prefix_path.dsv
-- Installing: /home/quangkhieu/Documents/ros2_ws/src/install/slam_cartographer/share/slam_cartographer/environment/path.sh
-- Installing: /home/quangkhieu/Documents/ros2_ws/src/install/slam_cartographer/share/slam_cartographer/environment/path.dsv
-- Installing: /home/quangkhieu/Documents/ros2_ws/src/install/slam_cartographer/share/slam_cartographer/local_setup.bash
-- Installing: /home/quangkhieu/Documents/ros2_ws/src/install/slam_cartographer/share/slam_cartographer/local_setup.sh
-- Installing: /home/quangkhieu/Documents/ros2_ws/src/install/slam_cartographer/share/slam_cartographer/local_setup.zsh
-- Installing: /home/quangkhieu/Documents/ros2_ws/src/install/slam_cartographer/share/slam_cartographer/local_setup.dsv
-- Installing: /home/quangkhieu/Documents/ros2_ws/src/install/slam_cartographer/share/slam_cartographer/package.dsv
-- Installing: /home/quangkhieu/Documents/ros2_ws/src/install/slam_cartographer/share/ament_index/resource_index/packages/slam_cartographer
-- Installing: /home/quangkhieu/Documents/ros2_ws/src/install/slam_cartographer/share/slam_cartographer/cmake/slam_cartographerConfig.cmake
-- Installing: /home/quangkhieu/Documents/ros2_ws/src/install/slam_cartographer/share/slam_cartographer/cmake/slam_cartographerConfig-version.cmake
-- Installing: /home/quangkhieu/Documents/ros2_ws/src/install/slam_cartographer/share/slam_cartographer/package.xml
