[0.009s] Invoking command in '/home/quangkhieu/Documents/ros2_ws/src/build/slam_cartographer': CMAKE_PREFIX_PATH=${CMAKE_PREFIX_PATH}:/opt/ros/humble /usr/bin/cmake /home/quangkhieu/Documents/ros2_ws/src/slam_cartographer -DCMAKE_INSTALL_PREFIX=/home/quangkhieu/Documents/ros2_ws/src/install/slam_cartographer
[0.140s] -- The C compiler identification is GNU 11.4.0
[0.206s] -- The CXX compiler identification is GNU 11.4.0
[0.218s] -- Detecting C compiler ABI info
[0.297s] -- Detecting C compiler ABI info - done
[0.304s] -- Check for working C compiler: /usr/bin/cc - skipped
[0.304s] -- Detecting C compile features
[0.305s] -- Detecting C compile features - done
[0.308s] -- Detecting CXX compiler ABI info
[0.371s] -- Detecting CXX compiler ABI info - done
[0.378s] -- Check for working CXX compiler: /usr/bin/c++ - skipped
[0.378s] -- Detecting CXX compile features
[0.379s] -- Detecting CXX compile features - done
[0.386s] -- Found ament_cmake: 1.3.10 (/opt/ros/humble/share/ament_cmake/cmake)
[0.512s] -- Found Python3: /usr/bin/python3 (found version "3.10.12") found components: Interpreter 
[0.660s] -- Configuring done
[0.662s] -- Generating done
[0.662s] -- Build files have been written to: /home/quangkhieu/Documents/ros2_ws/src/build/slam_cartographer
[0.667s] Invoked command in '/home/quangkhieu/Documents/ros2_ws/src/build/slam_cartographer' returned '0': CMAKE_PREFIX_PATH=${CMAKE_PREFIX_PATH}:/opt/ros/humble /usr/bin/cmake /home/quangkhieu/Documents/ros2_ws/src/slam_cartographer -DCMAKE_INSTALL_PREFIX=/home/quangkhieu/Documents/ros2_ws/src/install/slam_cartographer
[0.667s] Invoking command in '/home/quangkhieu/Documents/ros2_ws/src/build/slam_cartographer': CMAKE_PREFIX_PATH=${CMAKE_PREFIX_PATH}:/opt/ros/humble /usr/bin/cmake --build /home/quangkhieu/Documents/ros2_ws/src/build/slam_cartographer -- -j8 -l8
[0.693s] Invoked command in '/home/quangkhieu/Documents/ros2_ws/src/build/slam_cartographer' returned '0': CMAKE_PREFIX_PATH=${CMAKE_PREFIX_PATH}:/opt/ros/humble /usr/bin/cmake --build /home/quangkhieu/Documents/ros2_ws/src/build/slam_cartographer -- -j8 -l8
[0.716s] Invoking command in '/home/quangkhieu/Documents/ros2_ws/src/build/slam_cartographer': CMAKE_PREFIX_PATH=${CMAKE_PREFIX_PATH}:/opt/ros/humble /usr/bin/cmake --install /home/quangkhieu/Documents/ros2_ws/src/build/slam_cartographer
[0.721s] -- Install configuration: ""
[0.721s] -- Installing: /home/quangkhieu/Documents/ros2_ws/src/install/slam_cartographer/share/slam_cartographer//launch
[0.721s] -- Installing: /home/quangkhieu/Documents/ros2_ws/src/install/slam_cartographer/share/slam_cartographer//launch/slam_cartographer.launch.py
[0.721s] -- Installing: /home/quangkhieu/Documents/ros2_ws/src/install/slam_cartographer/share/ament_index/resource_index/package_run_dependencies/slam_cartographer
[0.721s] -- Installing: /home/quangkhieu/Documents/ros2_ws/src/install/slam_cartographer/share/ament_index/resource_index/parent_prefix_path/slam_cartographer
[0.721s] -- Installing: /home/quangkhieu/Documents/ros2_ws/src/install/slam_cartographer/share/slam_cartographer/environment/ament_prefix_path.sh
[0.721s] -- Installing: /home/quangkhieu/Documents/ros2_ws/src/install/slam_cartographer/share/slam_cartographer/environment/ament_prefix_path.dsv
[0.721s] -- Installing: /home/quangkhieu/Documents/ros2_ws/src/install/slam_cartographer/share/slam_cartographer/environment/path.sh
[0.721s] -- Installing: /home/quangkhieu/Documents/ros2_ws/src/install/slam_cartographer/share/slam_cartographer/environment/path.dsv
[0.722s] -- Installing: /home/quangkhieu/Documents/ros2_ws/src/install/slam_cartographer/share/slam_cartographer/local_setup.bash
[0.722s] -- Installing: /home/quangkhieu/Documents/ros2_ws/src/install/slam_cartographer/share/slam_cartographer/local_setup.sh
[0.722s] -- Installing: /home/quangkhieu/Documents/ros2_ws/src/install/slam_cartographer/share/slam_cartographer/local_setup.zsh
[0.722s] -- Installing: /home/quangkhieu/Documents/ros2_ws/src/install/slam_cartographer/share/slam_cartographer/local_setup.dsv
[0.722s] -- Installing: /home/quangkhieu/Documents/ros2_ws/src/install/slam_cartographer/share/slam_cartographer/package.dsv
[0.722s] -- Installing: /home/quangkhieu/Documents/ros2_ws/src/install/slam_cartographer/share/ament_index/resource_index/packages/slam_cartographer
[0.722s] -- Installing: /home/quangkhieu/Documents/ros2_ws/src/install/slam_cartographer/share/slam_cartographer/cmake/slam_cartographerConfig.cmake
[0.722s] -- Installing: /home/quangkhieu/Documents/ros2_ws/src/install/slam_cartographer/share/slam_cartographer/cmake/slam_cartographerConfig-version.cmake
[0.722s] -- Installing: /home/quangkhieu/Documents/ros2_ws/src/install/slam_cartographer/share/slam_cartographer/package.xml
[0.724s] Invoked command in '/home/quangkhieu/Documents/ros2_ws/src/build/slam_cartographer' returned '0': CMAKE_PREFIX_PATH=${CMAKE_PREFIX_PATH}:/opt/ros/humble /usr/bin/cmake --install /home/quangkhieu/Documents/ros2_ws/src/build/slam_cartographer
